<?xml version="1.0" encoding="UTF-8"?>
<!-- Generated by org.testng.reporters.JUnitReportReporter -->
<testsuite hostname="DESKTOP-TQONPAL" failures="0" tests="8" name="testng_automation_code_feb_1st_2023.Enablement" time="0.010" errors="0" timestamp="2023-02-01T19:29:37 EST" skipped="1">
  <testcase classname="testng_automation_code_feb_1st_2023.Enablement" name="logic1" time="0.007"/>
  <system-out/>
  <testcase classname="testng_automation_code_feb_1st_2023.Enablement" name="logic2" time="0.000"/>
  <system-out/>
  <testcase classname="testng_automation_code_feb_1st_2023.Enablement" name="logic2" time="0.001"/>
  <system-out/>
  <testcase classname="testng_automation_code_feb_1st_2023.Enablement" name="logic2" time="0.001"/>
  <system-out/>
  <testcase classname="testng_automation_code_feb_1st_2023.Enablement" name="logic2" time="0.000"/>
  <system-out/>
  <testcase classname="testng_automation_code_feb_1st_2023.Enablement" name="logic4" time="0.000"/>
  <system-out/>
  <testcase classname="testng_automation_code_feb_1st_2023.Enablement" name="logic2" time="0.001"/>
  <system-out/>
  <testcase classname="testng_automation_code_feb_1st_2023.Enablement" name="logic3">
    <skipped/>
  </testcase> <!-- logic3 -->
  <system-out/>
</testsuite> <!-- testng_automation_code_feb_1st_2023.Enablement -->
